PLINK v2.0.0-a.6.9LM 64-bit Intel (29 Jan 2025)
Options in effect:
  --bfile ../data/PE_maternal_09_10_control_region_filtered
  --export A
  --out ../data/PE_maternal_control_region_filtered

Hostname: gl-login2.arc-ts.umich.edu
Working directory: ../data/
Start time: Tue Apr  1 14:06:54 2025

Random number seed: 1743530814
191506 MiB RAM detected, ~28720 available; reserving 28656 MiB for main
workspace.
Using up to 72 threads (change this with --threads).
172 samples (170 females, 0 males, 2 ambiguous; 172 founders) loaded from
../data/PE_maternal_09_10_control_region_filtered.fam.
18474 variants loaded from
../data/PE_maternal_09_10_control_region_filtered.bim.
Note: No phenotype data present.
--export A:
../data/PE_maternal_control_region_filtered.raw
written.

End time: Tue Apr  1 14:06:54 2025
