PLINK v2.0.0-a.6.9LM 64-bit Intel (29 Jan 2025)
Options in effect:
  --bfile /nfs/dcmb-lgarmire/boweil/ED/GWAS/test_maternal/PE_maternal_09_10
  --extract range /nfs/dcmb-lgarmire/boweil/ED/GWAS/test_maternal/region.txt
  --geno 0.1
  --hwe 1e-40
  --keep /nfs/dcmb-lgarmire/boweil/ED/GWAS/test_maternal/Control_info_update.txt
  --maf 0.01
  --make-bed
  --mind 0.05
  --out /nfs/dcmb-lgarmire/boweil/ED/GWAS/test_maternal/PE_maternal_09_10_control_region_filtered

Hostname: gl-login2.arc-ts.umich.edu
Working directory: /nfs/dcmb-lgarmire/boweil/ED/GWAS
Start time: Tue Apr  1 14:06:48 2025

Random number seed: 1743530808
191506 MiB RAM detected, ~28583 available; reserving 28519 MiB for main
workspace.
Using up to 72 threads (change this with --threads).
360 samples (329 females, 0 males, 31 ambiguous; 360 founders) loaded from
/nfs/dcmb-lgarmire/boweil/ED/GWAS/test_maternal/PE_maternal_09_10.fam.
618540 variants loaded from
/nfs/dcmb-lgarmire/boweil/ED/GWAS/test_maternal/PE_maternal_09_10.bim.
Note: No phenotype data present.
--extract bed1: 589894 variants excluded.
--keep: 180 samples remaining.
Calculating sample missingness rates... done.
8 samples removed due to missing genotype data (--mind).
IDs written to
/nfs/dcmb-lgarmire/boweil/ED/GWAS/test_maternal/PE_maternal_09_10_control_region_filtered.mindrem.id
.
172 samples (170 females, 0 males, 2 ambiguous; 172 founders) remaining after
main filters.
Calculating allele frequencies... done.
--geno: 162 variants removed due to missing genotype data.
Computing chrX Hardy-Weinberg p-values... done.
--hwe: 6 variants removed due to Hardy-Weinberg exact test (founders only).
10004 variants removed due to allele frequency threshold(s)
(--maf/--max-maf/--mac/--max-mac).
18474 variants remaining after main filters.
Writing
/nfs/dcmb-lgarmire/boweil/ED/GWAS/test_maternal/PE_maternal_09_10_control_region_filtered.fam
... done.
Writing
/nfs/dcmb-lgarmire/boweil/ED/GWAS/test_maternal/PE_maternal_09_10_control_region_filtered.bim
... done.
Writing
/nfs/dcmb-lgarmire/boweil/ED/GWAS/test_maternal/PE_maternal_09_10_control_region_filtered.bed
... done.

End time: Tue Apr  1 14:06:49 2025
